<?xml version="1.0" encoding="UTF-8"?>
<!-- Generated by org.testng.reporters.JUnitReportReporter -->
<testsuite hostname="LAPTOP-K0TP30DK" failures="0" tests="1" name="testpackage.HomePageTest" time="0.010" errors="0" timestamp="2023-07-19T22:52:34 IST" skipped="0">
  <testcase classname="testpackage.HomePageTest" name="checkingaddress" time="0.010"/>
  <system-out>
    <![CDATA[HomePage is open]]>
  </system-out>
</testsuite> <!-- testpackage.HomePageTest -->
