<?xml version="1.0" encoding="UTF-8"?>
<!-- Generated by org.testng.reporters.JUnitReportReporter -->
<testsuite hostname="LAPTOP-K0TP30DK" failures="0" tests="3" name="testpackage.HomePageTest" time="0.266" errors="0" timestamp="2023-07-22T21:08:15 IST" skipped="0">
  <testcase classname="testpackage.HomePageTest" name="Us" time="0.075"/>
  <system-out/>
  <testcase classname="testpackage.HomePageTest" name="Pass" time="0.126"/>
  <system-out/>
  <testcase classname="testpackage.HomePageTest" name="login" time="0.065"/>
  <system-out/>
</testsuite> <!-- testpackage.HomePageTest -->
